  catch_amalgamated.cpp
  Game.cpp
  GeneralGame.cpp
  SimpleMode.cpp
  RadioButton.cpp
  RadioButtonGroup.cpp
  SFMLSOS.cpp
C:\Users\branden\source\C++\SFMLAttempt3\SMFLAttempt3\SFMLSOS.cpp(85,22): warning C4244: 'argument': conversion from 'float' to 'int', possible loss of data
C:\Users\branden\source\C++\SFMLAttempt3\SMFLAttempt3\SFMLSOS.cpp(85,12): warning C4244: 'argument': conversion from 'float' to 'int', possible loss of data
C:\Users\branden\source\C++\SFMLAttempt3\SMFLAttempt3\SFMLSOS.cpp(182,65): warning C4244: 'argument': conversion from 'unsigned int' to 'T', possible loss of data
          with
          [
              T=float
          ]
C:\Users\branden\source\C++\SFMLAttempt3\SMFLAttempt3\SFMLSOS.cpp(182,47): warning C4244: 'argument': conversion from 'unsigned int' to 'T', possible loss of data
          with
          [
              T=float
          ]
C:\Users\branden\source\C++\SFMLAttempt3\SMFLAttempt3\SFMLSOS.cpp(216,73): warning C4244: 'argument': conversion from 'int' to 'float', possible loss of data
C:\Users\branden\source\C++\SFMLAttempt3\SMFLAttempt3\SFMLSOS.cpp(216,52): warning C4244: 'argument': conversion from 'int' to 'float', possible loss of data
C:\Users\branden\source\C++\SFMLAttempt3\SMFLAttempt3\SFMLSOS.cpp(223,45): warning C4244: 'argument': conversion from 'float' to 'int', possible loss of data
C:\Users\branden\source\C++\SFMLAttempt3\SMFLAttempt3\SFMLSOS.cpp(223,36): warning C4244: 'argument': conversion from 'float' to 'int', possible loss of data
C:\Users\branden\source\C++\SFMLAttempt3\SMFLAttempt3\SFMLSOS.cpp(231,79): warning C4244: 'argument': conversion from 'int' to 'float', possible loss of data
C:\Users\branden\source\C++\SFMLAttempt3\SMFLAttempt3\SFMLSOS.cpp(231,58): warning C4244: 'argument': conversion from 'int' to 'float', possible loss of data
C:\Users\branden\source\C++\SFMLAttempt3\SMFLAttempt3\SFMLSOS.cpp(238,46): warning C4244: 'argument': conversion from 'float' to 'int', possible loss of data
C:\Users\branden\source\C++\SFMLAttempt3\SMFLAttempt3\SFMLSOS.cpp(238,36): warning C4244: 'argument': conversion from 'float' to 'int', possible loss of data
C:\Users\branden\source\C++\SFMLAttempt3\SMFLAttempt3\SFMLSOS.cpp(253,54): warning C4244: 'argument': conversion from 'T' to 'float', possible loss of data
          with
          [
              T=int
          ]
C:\Users\branden\source\C++\SFMLAttempt3\SMFLAttempt3\SFMLSOS.cpp(253,42): warning C4244: 'argument': conversion from 'T' to 'float', possible loss of data
          with
          [
              T=int
          ]
C:\Users\branden\source\C++\SFMLAttempt3\SMFLAttempt3\SFMLSOS.cpp(267,57): warning C4244: 'argument': conversion from 'T' to 'float', possible loss of data
          with
          [
              T=int
          ]
C:\Users\branden\source\C++\SFMLAttempt3\SMFLAttempt3\SFMLSOS.cpp(267,45): warning C4244: 'argument': conversion from 'T' to 'float', possible loss of data
          with
          [
              T=int
          ]
C:\Users\branden\source\C++\SFMLAttempt3\SMFLAttempt3\SFMLSOS.cpp(279,59): warning C4244: 'argument': conversion from 'T' to 'float', possible loss of data
          with
          [
              T=int
          ]
C:\Users\branden\source\C++\SFMLAttempt3\SMFLAttempt3\SFMLSOS.cpp(279,47): warning C4244: 'argument': conversion from 'T' to 'float', possible loss of data
          with
          [
              T=int
          ]
C:\Users\branden\source\C++\SFMLAttempt3\SMFLAttempt3\SFMLSOS.cpp(304,50): warning C4244: 'argument': conversion from 'T' to 'float', possible loss of data
          with
          [
              T=int
          ]
C:\Users\branden\source\C++\SFMLAttempt3\SMFLAttempt3\SFMLSOS.cpp(304,38): warning C4244: 'argument': conversion from 'T' to 'float', possible loss of data
          with
          [
              T=int
          ]
C:\Users\branden\source\C++\SFMLAttempt3\SMFLAttempt3\SFMLSOS.cpp(311,55): warning C4244: 'argument': conversion from 'T' to 'float', possible loss of data
          with
          [
              T=int
          ]
C:\Users\branden\source\C++\SFMLAttempt3\SMFLAttempt3\SFMLSOS.cpp(311,43): warning C4244: 'argument': conversion from 'T' to 'float', possible loss of data
          with
          [
              T=int
          ]
C:\Users\branden\source\C++\SFMLAttempt3\SMFLAttempt3\SFMLSOS.cpp(317,55): warning C4244: 'argument': conversion from 'T' to 'float', possible loss of data
          with
          [
              T=int
          ]
C:\Users\branden\source\C++\SFMLAttempt3\SMFLAttempt3\SFMLSOS.cpp(317,43): warning C4244: 'argument': conversion from 'T' to 'float', possible loss of data
          with
          [
              T=int
          ]
C:\Users\branden\source\C++\SFMLAttempt3\SMFLAttempt3\SFMLSOS.cpp(322,55): warning C4244: 'argument': conversion from 'T' to 'float', possible loss of data
          with
          [
              T=int
          ]
C:\Users\branden\source\C++\SFMLAttempt3\SMFLAttempt3\SFMLSOS.cpp(322,43): warning C4244: 'argument': conversion from 'T' to 'float', possible loss of data
          with
          [
              T=int
          ]
C:\Users\branden\source\C++\SFMLAttempt3\SMFLAttempt3\SFMLSOS.cpp(342,14): warning C4244: 'initializing': conversion from 'float' to 'int', possible loss of data
C:\Users\branden\source\C++\SFMLAttempt3\SMFLAttempt3\SFMLSOS.cpp(343,14): warning C4244: 'initializing': conversion from 'float' to 'int', possible loss of data
  SMFLAttempt3.cpp
  UI_Label.cpp
  Generating Code...
LINK : warning LNK4067: ambiguous entry point; selected 'mainCRTStartup'
  SMFLAttempt3.vcxproj -> C:\Users\branden\source\C++\SFMLAttempt3\SMFLAttempt3\x64\Debug\SMFLAttempt3.exe
