c:\users\branden\source\c++\sfmlattempt3\smflattempt3\x64\debug\vc143.pdb
c:\users\branden\source\c++\sfmlattempt3\smflattempt3\x64\debug\vc143.idb
c:\users\branden\source\c++\sfmlattempt3\smflattempt3\x64\debug\ui_label.obj
c:\users\branden\source\c++\sfmlattempt3\smflattempt3\x64\debug\smflattempt3.obj
c:\users\branden\source\c++\sfmlattempt3\smflattempt3\x64\debug\sfmlsos.obj
c:\users\branden\source\c++\sfmlattempt3\smflattempt3\x64\debug\radiobuttongroup.obj
c:\users\branden\source\c++\sfmlattempt3\smflattempt3\x64\debug\radiobutton.obj
c:\users\branden\source\c++\sfmlattempt3\smflattempt3\x64\debug\simplemode.obj
c:\users\branden\source\c++\sfmlattempt3\smflattempt3\x64\debug\generalgame.obj
c:\users\branden\source\c++\sfmlattempt3\smflattempt3\x64\debug\game.obj
c:\users\branden\source\c++\sfmlattempt3\smflattempt3\x64\debug\catch_amalgamated.obj
c:\users\branden\source\c++\sfmlattempt3\smflattempt3\x64\debug\smflattempt3.exe
c:\users\branden\source\c++\sfmlattempt3\smflattempt3\x64\debug\smflattempt3.ilk
c:\users\branden\source\c++\sfmlattempt3\smflattempt3\x64\debug\smflattempt3.pdb
c:\users\branden\source\c++\sfmlattempt3\smflattempt3\x64\debug\smflattempt3.tlog\cl.command.1.tlog
c:\users\branden\source\c++\sfmlattempt3\smflattempt3\x64\debug\smflattempt3.tlog\cl.items.tlog
c:\users\branden\source\c++\sfmlattempt3\smflattempt3\x64\debug\smflattempt3.tlog\cl.read.1.tlog
c:\users\branden\source\c++\sfmlattempt3\smflattempt3\x64\debug\smflattempt3.tlog\cl.write.1.tlog
c:\users\branden\source\c++\sfmlattempt3\smflattempt3\x64\debug\smflattempt3.tlog\link.command.1.tlog
c:\users\branden\source\c++\sfmlattempt3\smflattempt3\x64\debug\smflattempt3.tlog\link.read.1.tlog
c:\users\branden\source\c++\sfmlattempt3\smflattempt3\x64\debug\smflattempt3.tlog\link.write.1.tlog
