  SFMLSOS.cpp
C:\Users\branden\source\C++\SFMLAttempt3\SMFLAttempt3\SFMLSOS.cpp(86,22): warning C4244: 'argument': conversion from 'float' to 'int', possible loss of data
C:\Users\branden\source\C++\SFMLAttempt3\SMFLAttempt3\SFMLSOS.cpp(86,12): warning C4244: 'argument': conversion from 'float' to 'int', possible loss of data
C:\Users\branden\source\C++\SFMLAttempt3\SMFLAttempt3\SFMLSOS.cpp(144,65): warning C4244: 'argument': conversion from 'unsigned int' to 'T', possible loss of data
          with
          [
              T=float
          ]
C:\Users\branden\source\C++\SFMLAttempt3\SMFLAttempt3\SFMLSOS.cpp(144,47): warning C4244: 'argument': conversion from 'unsigned int' to 'T', possible loss of data
          with
          [
              T=float
          ]
C:\Users\branden\source\C++\SFMLAttempt3\SMFLAttempt3\SFMLSOS.cpp(166,50): warning C4244: 'argument': conversion from 'T' to 'float', possible loss of data
          with
          [
              T=int
          ]
C:\Users\branden\source\C++\SFMLAttempt3\SMFLAttempt3\SFMLSOS.cpp(166,38): warning C4244: 'argument': conversion from 'T' to 'float', possible loss of data
          with
          [
              T=int
          ]
C:\Users\branden\source\C++\SFMLAttempt3\SMFLAttempt3\SFMLSOS.cpp(167,48): warning C4244: 'argument': conversion from 'T' to 'float', possible loss of data
          with
          [
              T=int
          ]
C:\Users\branden\source\C++\SFMLAttempt3\SMFLAttempt3\SFMLSOS.cpp(167,36): warning C4244: 'argument': conversion from 'T' to 'float', possible loss of data
          with
          [
              T=int
          ]
C:\Users\branden\source\C++\SFMLAttempt3\SMFLAttempt3\SFMLSOS.cpp(168,50): warning C4244: 'argument': conversion from 'T' to 'float', possible loss of data
          with
          [
              T=int
          ]
C:\Users\branden\source\C++\SFMLAttempt3\SMFLAttempt3\SFMLSOS.cpp(168,38): warning C4244: 'argument': conversion from 'T' to 'float', possible loss of data
          with
          [
              T=int
          ]
C:\Users\branden\source\C++\SFMLAttempt3\SMFLAttempt3\SFMLSOS.cpp(169,73): warning C4244: 'argument': conversion from 'int' to 'float', possible loss of data
C:\Users\branden\source\C++\SFMLAttempt3\SMFLAttempt3\SFMLSOS.cpp(169,52): warning C4244: 'argument': conversion from 'int' to 'float', possible loss of data
C:\Users\branden\source\C++\SFMLAttempt3\SMFLAttempt3\SFMLSOS.cpp(174,79): warning C4244: 'argument': conversion from 'int' to 'float', possible loss of data
C:\Users\branden\source\C++\SFMLAttempt3\SMFLAttempt3\SFMLSOS.cpp(174,58): warning C4244: 'argument': conversion from 'int' to 'float', possible loss of data
C:\Users\branden\source\C++\SFMLAttempt3\SMFLAttempt3\SFMLSOS.cpp(244,14): warning C4244: 'initializing': conversion from 'float' to 'int', possible loss of data
C:\Users\branden\source\C++\SFMLAttempt3\SMFLAttempt3\SFMLSOS.cpp(245,14): warning C4244: 'initializing': conversion from 'float' to 'int', possible loss of data
  Generating code
  1 of 419 functions ( 0.2%) were compiled, the rest were copied from previous compilation.
    0 functions were new in current compilation
    0 functions had inline decision re-evaluated but remain unchanged
  Finished generating code
  SMFLAttempt3.vcxproj -> C:\Users\branden\source\C++\SFMLAttempt3\SMFLAttempt3\x64\Release\SMFLAttempt3.exe
